<?xml version="1.0" encoding="UTF-8"?>
<testsuite name="com.navi.stockexchange.repos.OrderRepositoryTest" tests="6" skipped="0" failures="0" errors="0" timestamp="2021-05-05T10:12:03" hostname="Admins-MacBook-Pro.local" time="0.041">
  <properties/>
  <testcase name="testAddingNullOrder" classname="com.navi.stockexchange.repos.OrderRepositoryTest" time="0.015"/>
  <testcase name="testAddingDuplicateSellOrder" classname="com.navi.stockexchange.repos.OrderRepositoryTest" time="0.006"/>
  <testcase name="testAddingSellOrder" classname="com.navi.stockexchange.repos.OrderRepositoryTest" time="0.001"/>
  <testcase name="testAddingBuyOrder" classname="com.navi.stockexchange.repos.OrderRepositoryTest" time="0.001"/>
  <testcase name="testAddingDuplicateBuyOrder" classname="com.navi.stockexchange.repos.OrderRepositoryTest" time="0.0"/>
  <testcase name="testAddingOrderWithOutStock" classname="com.navi.stockexchange.repos.OrderRepositoryTest" time="0.0"/>
  <system-out><![CDATA[]]></system-out>
  <system-err><![CDATA[]]></system-err>
</testsuite>
