<?xml version="1.0" encoding="UTF-8"?>
<testsuite name="com.navi.stockexchange.services.StockExchangeServiceTest" tests="3" skipped="0" failures="0" errors="0" timestamp="2021-05-05T10:12:03" hostname="Admins-MacBook-Pro.local" time="0.015">
  <properties/>
  <testcase name="testProcessOrder" classname="com.navi.stockexchange.services.StockExchangeServiceTest" time="0.013"/>
  <testcase name="testNoBuyOrders" classname="com.navi.stockexchange.services.StockExchangeServiceTest" time="0.0"/>
  <testcase name="testNoSellOrders" classname="com.navi.stockexchange.services.StockExchangeServiceTest" time="0.001"/>
  <system-out><![CDATA[]]></system-out>
  <system-err><![CDATA[]]></system-err>
</testsuite>
